2013-12-25 16:31:17,092 - INFO : 
------------------------------------------------------------------------------
  PyXLL 

  Version          2.0.4
  Buildtime        2013-07-23 21:28
  Python version   2.7.5.final.0
  Excel version    11.0

  www.pyxll.com
------------------------------------------------------------------------------

2013-12-25 16:31:21,092 - INFO : callbacks.license_notifier: This copy of PyXLL is for evaluation or non-commercial use only
2013-12-25 16:31:35,342 - INFO : callbacks.on_close: PyXLL is closing
2013-12-25 16:39:11,937 - INFO : 
------------------------------------------------------------------------------
  PyXLL 

  Version          2.0.4
  Buildtime        2013-07-23 21:28
  Python version   2.7.5.final.0
  Excel version    11.0

  www.pyxll.com
------------------------------------------------------------------------------

2013-12-25 16:39:24,453 - INFO : callbacks.license_notifier: This copy of PyXLL is for evaluation or non-commercial use only
2013-12-25 16:39:55,780 - INFO : callbacks.on_close: PyXLL is closing
2013-12-25 16:41:09,530 - INFO : 
------------------------------------------------------------------------------
  PyXLL 

  Version          2.0.4
  Buildtime        2013-07-23 21:28
  Python version   2.7.5.final.0
  Excel version    11.0

  www.pyxll.com
------------------------------------------------------------------------------

2013-12-25 16:41:10,842 - INFO : callbacks.license_notifier: This copy of PyXLL is for evaluation or non-commercial use only
2013-12-25 16:41:15,030 - INFO : callbacks.on_close: PyXLL is closing
2013-12-25 16:41:23,405 - INFO : 
------------------------------------------------------------------------------
  PyXLL 

  Version          2.0.4
  Buildtime        2013-07-23 21:28
  Python version   2.7.5.final.0
  Excel version    11.0

  www.pyxll.com
------------------------------------------------------------------------------

2013-12-25 16:41:24,592 - INFO : callbacks.license_notifier: This copy of PyXLL is for evaluation or non-commercial use only
2013-12-25 16:54:01,578 - INFO : callbacks.on_close: PyXLL is closing
2013-12-25 16:54:15,500 - INFO : 
------------------------------------------------------------------------------
  PyXLL 

  Version          2.0.4
  Buildtime        2013-07-23 21:28
  Python version   2.7.5.final.0
  Excel version    11.0

  www.pyxll.com
------------------------------------------------------------------------------

2013-12-25 16:54:17,046 - INFO : callbacks.license_notifier: This copy of PyXLL is for evaluation or non-commercial use only
2013-12-25 16:54:34,217 - INFO : callbacks.on_close: PyXLL is closing
2013-12-25 21:18:32,155 - INFO : 
------------------------------------------------------------------------------
  PyXLL 

  Version          2.0.4
  Buildtime        2013-07-23 21:28
  Python version   2.7.5.final.0
  Excel version    11.0

  www.pyxll.com
------------------------------------------------------------------------------

2013-12-25 21:18:33,828 - INFO : callbacks.license_notifier: This copy of PyXLL is for evaluation or non-commercial use only
2013-12-25 21:18:58,483 - INFO : callbacks.on_close: PyXLL is closing
2013-12-25 21:19:17,265 - INFO : 
------------------------------------------------------------------------------
  PyXLL 

  Version          2.0.4
  Buildtime        2013-07-23 21:28
  Python version   2.7.5.final.0
  Excel version    11.0

  www.pyxll.com
------------------------------------------------------------------------------

2013-12-25 21:19:18,046 - INFO : callbacks.license_notifier: This copy of PyXLL is for evaluation or non-commercial use only
2013-12-25 21:19:20,280 - INFO : callbacks.on_close: PyXLL is closing
2013-12-25 21:19:34,796 - INFO : 
------------------------------------------------------------------------------
  PyXLL 

  Version          2.0.4
  Buildtime        2013-07-23 21:28
  Python version   2.7.5.final.0
  Excel version    11.0

  www.pyxll.com
------------------------------------------------------------------------------

2013-12-25 21:19:36,546 - INFO : callbacks.license_notifier: This copy of PyXLL is for evaluation or non-commercial use only
2013-12-25 21:38:30,875 - INFO : callbacks.on_close: PyXLL is closing
